  BlastCommand.cpp
C:\Users\Tato\Documents\GitHub\Cpp_SDL\CarGame\CarGame\CarGameCode\Logic\GameObjects\GameObject.h(44,33): warning C4244: 'return': conversion from 'T' to 'int', possible loss of data
          with
          [
              T=double
          ]
C:\Users\Tato\Documents\GitHub\Cpp_SDL\CarGame\CarGame\CarGameCode\Logic\GameObjects\GameObject.h(45,33): warning C4244: 'return': conversion from 'T' to 'int', possible loss of data
          with
          [
              T=double
          ]
C:\Users\Tato\Documents\GitHub\Cpp_SDL\CarGame\CarGame\CarGameCode\Logic\Game.h(71,45): warning C4244: 'initializing': conversion from 'double' to 'const unsigned int', possible loss of data
C:\Users\Tato\Documents\GitHub\Cpp_SDL\CarGame\CarGame\CarGameCode\Logic\Game.h(72,47): warning C4244: 'initializing': conversion from 'double' to 'const unsigned int', possible loss of data
  Main.cpp
C:\Users\Tato\Documents\GitHub\Cpp_SDL\CarGame\CarGame\CarGameCode\Logic\GameObjects\GameObject.h(44,33): warning C4244: 'return': conversion from 'T' to 'int', possible loss of data
          with
          [
              T=double
          ]
C:\Users\Tato\Documents\GitHub\Cpp_SDL\CarGame\CarGame\CarGameCode\Logic\GameObjects\GameObject.h(45,33): warning C4244: 'return': conversion from 'T' to 'int', possible loss of data
          with
          [
              T=double
          ]
C:\Users\Tato\Documents\GitHub\Cpp_SDL\CarGame\CarGame\CarGameCode\Logic\Game.h(71,45): warning C4244: 'initializing': conversion from 'double' to 'const unsigned int', possible loss of data
C:\Users\Tato\Documents\GitHub\Cpp_SDL\CarGame\CarGame\CarGameCode\Logic\Game.h(72,47): warning C4244: 'initializing': conversion from 'double' to 'const unsigned int', possible loss of data
C:\Users\Tato\Documents\GitHub\Cpp_SDL\CarGame\CarGame\CarGameCode\Main.cpp(12,15): warning C4244: 'argument': conversion from 'time_t' to 'unsigned int', possible loss of data
  Generating Code...
  CarGame.vcxproj -> C:\Users\Tato\Documents\GitHub\Cpp_SDL\CarGame\bin\CarGamePr1Debug.exe
